[0.066s] DEBUG:colcon:Command line arguments: ['/usr/bin/colcon', 'list', '-p', '--base-paths', '/home/ghost/vivent_sim/src/viv_sim', '--log-base', '/dev/null']
[0.066s] DEBUG:colcon:Parsed command line arguments: Namespace(log_base=None, log_level=None, verb_name='list', build_base='build', ignore_user_meta=False, metas=['./colcon.meta'], base_paths=['/home/ghost/vivent_sim/src/viv_sim', '--log-base', '/dev/null'], packages_ignore=None, packages_ignore_regex=None, paths=None, packages_up_to=None, packages_up_to_regex=None, packages_above=None, packages_above_and_dependencies=None, packages_above_depth=None, packages_select_by_dep=None, packages_skip_by_dep=None, packages_skip_up_to=None, packages_select_build_failed=False, packages_skip_build_finished=False, packages_select_test_failures=False, packages_skip_test_passed=False, packages_select=None, packages_skip=None, packages_select_regex=None, packages_skip_regex=None, packages_start=None, packages_end=None, allow_overriding=[], topological_order=False, names_only=False, paths_only=True, topological_graph=False, topological_graph_dot=False, topological_graph_density=False, topological_graph_legend=False, topological_graph_dot_cluster=False, topological_graph_dot_include_skipped=False, verb_parser=<colcon_defaults.argument_parser.defaults.DefaultArgumentsDecorator object at 0x783ae862cb50>, verb_extension=<colcon_package_information.verb.list.ListVerb object at 0x783ae859d8a0>, main=<bound method ListVerb.main of <colcon_package_information.verb.list.ListVerb object at 0x783ae859d8a0>>)
[0.063s] DEBUG:colcon:Command line arguments: ['/usr/bin/colcon', 'list', '-p', '--base-paths', '/home/ghost/vivent_sim/src/viv_sim']
[0.063s] DEBUG:colcon:Parsed command line arguments: Namespace(log_base=None, log_level=None, verb_name='list', build_base='build', ignore_user_meta=False, metas=['./colcon.meta'], base_paths=['/home/ghost/vivent_sim/src/viv_sim'], packages_ignore=None, packages_ignore_regex=None, paths=None, packages_up_to=None, packages_up_to_regex=None, packages_above=None, packages_above_and_dependencies=None, packages_above_depth=None, packages_select_by_dep=None, packages_skip_by_dep=None, packages_skip_up_to=None, packages_select_build_failed=False, packages_skip_build_finished=False, packages_select_test_failures=False, packages_skip_test_passed=False, packages_select=None, packages_skip=None, packages_select_regex=None, packages_skip_regex=None, packages_start=None, packages_end=None, allow_overriding=[], topological_order=False, names_only=False, paths_only=True, topological_graph=False, topological_graph_dot=False, topological_graph_density=False, topological_graph_legend=False, topological_graph_dot_cluster=False, topological_graph_dot_include_skipped=False, verb_parser=<colcon_defaults.argument_parser.defaults.DefaultArgumentsDecorator object at 0x7bb7427a8bb0>, verb_extension=<colcon_package_information.verb.list.ListVerb object at 0x7bb742719900>, main=<bound method ListVerb.main of <colcon_package_information.verb.list.ListVerb object at 0x7bb742719900>>)
[0.222s] Level 1:colcon.colcon_core.package_discovery:discover_packages(colcon_meta) check parameters
[0.222s] Level 1:colcon.colcon_core.package_discovery:discover_packages(recursive) check parameters
[0.222s] Level 1:colcon.colcon_core.package_discovery:discover_packages(ignore) check parameters
[0.222s] Level 1:colcon.colcon_core.package_discovery:discover_packages(path) check parameters
[0.222s] Level 1:colcon.colcon_core.package_discovery:discover_packages(recursive) discover
[0.222s] INFO:colcon.colcon_core.package_discovery:Crawling recursively for packages in '/home/ghost/vivent_sim/src/viv_sim', '/home/ghost/vivent_sim/src/viv_sim/--log-base', '/dev/null'
[0.222s] Level 1:colcon.colcon_core.package_identification:_identify(/home/ghost/vivent_sim/src/viv_sim) by extensions ['ignore', 'ignore_ament_install']
[0.222s] Level 1:colcon.colcon_core.package_identification:_identify(/home/ghost/vivent_sim/src/viv_sim) by extension 'ignore'
[0.222s] Level 1:colcon.colcon_core.package_identification:_identify(/home/ghost/vivent_sim/src/viv_sim) by extension 'ignore_ament_install'
[0.222s] Level 1:colcon.colcon_core.package_identification:_identify(/home/ghost/vivent_sim/src/viv_sim) by extensions ['colcon_pkg']
[0.222s] Level 1:colcon.colcon_core.package_identification:_identify(/home/ghost/vivent_sim/src/viv_sim) by extension 'colcon_pkg'
[0.222s] Level 1:colcon.colcon_core.package_identification:_identify(/home/ghost/vivent_sim/src/viv_sim) by extensions ['colcon_meta']
[0.222s] Level 1:colcon.colcon_core.package_identification:_identify(/home/ghost/vivent_sim/src/viv_sim) by extension 'colcon_meta'
[0.223s] Level 1:colcon.colcon_core.package_identification:_identify(/home/ghost/vivent_sim/src/viv_sim) by extensions ['ros']
[0.223s] Level 1:colcon.colcon_core.package_identification:_identify(/home/ghost/vivent_sim/src/viv_sim) by extension 'ros'
[0.228s] Level 1:colcon.colcon_core.package_discovery:discover_packages(colcon_meta) check parameters
[0.228s] Level 1:colcon.colcon_core.package_discovery:discover_packages(recursive) check parameters
[0.228s] Level 1:colcon.colcon_core.package_discovery:discover_packages(ignore) check parameters
[0.228s] Level 1:colcon.colcon_core.package_discovery:discover_packages(path) check parameters
[0.228s] Level 1:colcon.colcon_core.package_discovery:discover_packages(recursive) discover
[0.228s] INFO:colcon.colcon_core.package_discovery:Crawling recursively for packages in '/home/ghost/vivent_sim/src/viv_sim'
[0.228s] Level 1:colcon.colcon_core.package_identification:_identify(/home/ghost/vivent_sim/src/viv_sim) by extensions ['ignore', 'ignore_ament_install']
[0.228s] Level 1:colcon.colcon_core.package_identification:_identify(/home/ghost/vivent_sim/src/viv_sim) by extension 'ignore'
[0.228s] Level 1:colcon.colcon_core.package_identification:_identify(/home/ghost/vivent_sim/src/viv_sim) by extension 'ignore_ament_install'
[0.228s] Level 1:colcon.colcon_core.package_identification:_identify(/home/ghost/vivent_sim/src/viv_sim) by extensions ['colcon_pkg']
[0.228s] Level 1:colcon.colcon_core.package_identification:_identify(/home/ghost/vivent_sim/src/viv_sim) by extension 'colcon_pkg'
[0.228s] Level 1:colcon.colcon_core.package_identification:_identify(/home/ghost/vivent_sim/src/viv_sim) by extensions ['colcon_meta']
[0.228s] Level 1:colcon.colcon_core.package_identification:_identify(/home/ghost/vivent_sim/src/viv_sim) by extension 'colcon_meta'
[0.228s] Level 1:colcon.colcon_core.package_identification:_identify(/home/ghost/vivent_sim/src/viv_sim) by extensions ['ros']
[0.228s] Level 1:colcon.colcon_core.package_identification:_identify(/home/ghost/vivent_sim/src/viv_sim) by extension 'ros'
[0.249s] DEBUG:colcon.colcon_core.package_identification:Package '/home/ghost/vivent_sim/src/viv_sim' with type 'ros.ament_cmake' and name 'viv_sim'
[0.249s] Level 1:colcon.colcon_core.package_discovery:discover_packages(recursive) using defaults
[0.259s] DEBUG:colcon.colcon_core.package_identification:Package '/home/ghost/vivent_sim/src/viv_sim' with type 'ros.ament_cmake' and name 'viv_sim'
[0.259s] Level 1:colcon.colcon_core.package_discovery:discover_packages(recursive) using defaults
